[http-bio-8080-exec-3] DEBUG org.jboss.resteasy.plugins.server.servlet.ConfigurationBootstrap  - Scanning...
[http-bio-8080-exec-3] DEBUG org.jboss.resteasy.plugins.server.servlet.ConfigurationBootstrap  - Scanning archive: jndi:/localhost/RESTfulDemoApplication/WEB-INF/lib/activation-1.1.jar
[http-bio-8080-exec-3] DEBUG org.jboss.resteasy.plugins.server.servlet.ConfigurationBootstrap  - Scanning archive: jndi:/localhost/RESTfulDemoApplication/WEB-INF/lib/httpcore-4.1.2.jar
[http-bio-8080-exec-3] DEBUG org.jboss.resteasy.plugins.server.servlet.ConfigurationBootstrap  - Scanning archive: jndi:/localhost/RESTfulDemoApplication/WEB-INF/lib/commons-logging-1.0.4.jar
[http-bio-8080-exec-3] DEBUG org.jboss.resteasy.plugins.server.servlet.ConfigurationBootstrap  - Scanning archive: jndi:/localhost/RESTfulDemoApplication/WEB-INF/lib/stax-api-1.0-2.jar
[http-bio-8080-exec-3] DEBUG org.jboss.resteasy.plugins.server.servlet.ConfigurationBootstrap  - Scanning archive: jndi:/localhost/RESTfulDemoApplication/WEB-INF/lib/httpclient-4.1.2.jar
[http-bio-8080-exec-3] DEBUG org.jboss.resteasy.plugins.server.servlet.ConfigurationBootstrap  - Scanning archive: jndi:/localhost/RESTfulDemoApplication/WEB-INF/lib/jaxrs-api-2.3.1.GA.jar
[http-bio-8080-exec-3] DEBUG org.jboss.resteasy.plugins.server.servlet.ConfigurationBootstrap  - Scanning archive: jndi:/localhost/RESTfulDemoApplication/WEB-INF/lib/scannotation-1.0.2.jar
[http-bio-8080-exec-3] DEBUG org.jboss.resteasy.plugins.server.servlet.ConfigurationBootstrap  - Scanning archive: jndi:/localhost/RESTfulDemoApplication/WEB-INF/lib/commons-httpclient-3.1.jar
[http-bio-8080-exec-3] DEBUG org.jboss.resteasy.plugins.server.servlet.ConfigurationBootstrap  - Scanning archive: jndi:/localhost/RESTfulDemoApplication/WEB-INF/lib/commons-codec-1.2.jar
[http-bio-8080-exec-3] DEBUG org.jboss.resteasy.plugins.server.servlet.ConfigurationBootstrap  - Scanning archive: jndi:/localhost/RESTfulDemoApplication/WEB-INF/lib/javassist-3.6.0.GA.jar
[http-bio-8080-exec-3] DEBUG org.jboss.resteasy.plugins.server.servlet.ConfigurationBootstrap  - Scanning archive: jndi:/localhost/RESTfulDemoApplication/WEB-INF/lib/jaxb-impl-2.2.4.jar
[http-bio-8080-exec-3] DEBUG org.jboss.resteasy.plugins.server.servlet.ConfigurationBootstrap  - Scanning archive: jndi:/localhost/RESTfulDemoApplication/WEB-INF/lib/log4j-1.2.17.jar
[http-bio-8080-exec-3] DEBUG org.jboss.resteasy.plugins.server.servlet.ConfigurationBootstrap  - Scanning archive: jndi:/localhost/RESTfulDemoApplication/WEB-INF/lib/jcip-annotations-1.0.jar
[http-bio-8080-exec-3] DEBUG org.jboss.resteasy.plugins.server.servlet.ConfigurationBootstrap  - Scanning archive: jndi:/localhost/RESTfulDemoApplication/WEB-INF/lib/resteasy-jaxb-provider-2.3.1.GA.jar
[http-bio-8080-exec-3] DEBUG org.jboss.resteasy.plugins.server.servlet.ConfigurationBootstrap  - Scanning archive: jndi:/localhost/RESTfulDemoApplication/WEB-INF/lib/jsr250-api-1.0.jar
[http-bio-8080-exec-3] DEBUG org.jboss.resteasy.plugins.server.servlet.ConfigurationBootstrap  - Scanning archive: jndi:/localhost/RESTfulDemoApplication/WEB-INF/lib/jaxb-api-2.2.3.jar
[http-bio-8080-exec-3] DEBUG org.jboss.resteasy.plugins.server.servlet.ConfigurationBootstrap  - Scanning archive: jndi:/localhost/RESTfulDemoApplication/WEB-INF/lib/resteasy-jaxrs-2.3.1.GA.jar
[http-bio-8080-exec-3] DEBUG org.jboss.resteasy.plugins.server.servlet.ConfigurationBootstrap  - Scanning archive: file:/C:/Lokesh/Setup/workspace/.metadata/.plugins/org.eclipse.wst.server.core/tmp0/wtpwebapps/RESTfulDemoApplication/WEB-INF/classes/
[http-bio-8080-exec-3] INFO  org.jboss.resteasy.plugins.server.servlet.ConfigurationBootstrap  - Adding scanned resource: com.howtodoinjava.service.UserService
[http-bio-8080-exec-3] DEBUG org.jboss.resteasy.core.SynchronousDispatcher  - PathInfo: /user-management/users/10
[http-bio-8080-exec-3] INFO  com.howtodoinjava.service.UserService  - GET API called for id : 10
[http-bio-8080-exec-3] DEBUG org.jboss.resteasy.plugins.server.servlet.ConfigurationBootstrap  - Scanning...
[http-bio-8080-exec-3] DEBUG org.jboss.resteasy.plugins.server.servlet.ConfigurationBootstrap  - Scanning archive: jndi:/localhost/RESTfulDemoApplication/WEB-INF/lib/activation-1.1.jar
[http-bio-8080-exec-3] DEBUG org.jboss.resteasy.plugins.server.servlet.ConfigurationBootstrap  - Scanning archive: jndi:/localhost/RESTfulDemoApplication/WEB-INF/lib/httpcore-4.1.2.jar
[http-bio-8080-exec-3] DEBUG org.jboss.resteasy.plugins.server.servlet.ConfigurationBootstrap  - Scanning archive: jndi:/localhost/RESTfulDemoApplication/WEB-INF/lib/commons-logging-1.0.4.jar
[http-bio-8080-exec-3] DEBUG org.jboss.resteasy.plugins.server.servlet.ConfigurationBootstrap  - Scanning archive: jndi:/localhost/RESTfulDemoApplication/WEB-INF/lib/stax-api-1.0-2.jar
[http-bio-8080-exec-3] DEBUG org.jboss.resteasy.plugins.server.servlet.ConfigurationBootstrap  - Scanning archive: jndi:/localhost/RESTfulDemoApplication/WEB-INF/lib/slf4j-api-1.7.5.jar
[http-bio-8080-exec-3] DEBUG org.jboss.resteasy.plugins.server.servlet.ConfigurationBootstrap  - Scanning archive: jndi:/localhost/RESTfulDemoApplication/WEB-INF/lib/httpclient-4.1.2.jar
[http-bio-8080-exec-3] DEBUG org.jboss.resteasy.plugins.server.servlet.ConfigurationBootstrap  - Scanning archive: jndi:/localhost/RESTfulDemoApplication/WEB-INF/lib/jaxrs-api-2.3.1.GA.jar
[http-bio-8080-exec-3] DEBUG org.jboss.resteasy.plugins.server.servlet.ConfigurationBootstrap  - Scanning archive: jndi:/localhost/RESTfulDemoApplication/WEB-INF/lib/slf4j-log4j12-1.7.5.jar
[http-bio-8080-exec-3] DEBUG org.jboss.resteasy.plugins.server.servlet.ConfigurationBootstrap  - Scanning archive: jndi:/localhost/RESTfulDemoApplication/WEB-INF/lib/scannotation-1.0.2.jar
[http-bio-8080-exec-3] DEBUG org.jboss.resteasy.plugins.server.servlet.ConfigurationBootstrap  - Scanning archive: jndi:/localhost/RESTfulDemoApplication/WEB-INF/lib/commons-httpclient-3.1.jar
[http-bio-8080-exec-3] DEBUG org.jboss.resteasy.plugins.server.servlet.ConfigurationBootstrap  - Scanning archive: jndi:/localhost/RESTfulDemoApplication/WEB-INF/lib/commons-codec-1.2.jar
[http-bio-8080-exec-3] DEBUG org.jboss.resteasy.plugins.server.servlet.ConfigurationBootstrap  - Scanning archive: jndi:/localhost/RESTfulDemoApplication/WEB-INF/lib/javassist-3.6.0.GA.jar
[http-bio-8080-exec-3] DEBUG org.jboss.resteasy.plugins.server.servlet.ConfigurationBootstrap  - Scanning archive: jndi:/localhost/RESTfulDemoApplication/WEB-INF/lib/jaxb-impl-2.2.4.jar
[http-bio-8080-exec-3] DEBUG org.jboss.resteasy.plugins.server.servlet.ConfigurationBootstrap  - Scanning archive: jndi:/localhost/RESTfulDemoApplication/WEB-INF/lib/log4j-1.2.17.jar
[http-bio-8080-exec-3] DEBUG org.jboss.resteasy.plugins.server.servlet.ConfigurationBootstrap  - Scanning archive: jndi:/localhost/RESTfulDemoApplication/WEB-INF/lib/jcip-annotations-1.0.jar
[http-bio-8080-exec-3] DEBUG org.jboss.resteasy.plugins.server.servlet.ConfigurationBootstrap  - Scanning archive: jndi:/localhost/RESTfulDemoApplication/WEB-INF/lib/resteasy-jaxb-provider-2.3.1.GA.jar
[http-bio-8080-exec-3] DEBUG org.jboss.resteasy.plugins.server.servlet.ConfigurationBootstrap  - Scanning archive: jndi:/localhost/RESTfulDemoApplication/WEB-INF/lib/jsr250-api-1.0.jar
[http-bio-8080-exec-3] DEBUG org.jboss.resteasy.plugins.server.servlet.ConfigurationBootstrap  - Scanning archive: jndi:/localhost/RESTfulDemoApplication/WEB-INF/lib/jaxb-api-2.2.3.jar
[http-bio-8080-exec-3] DEBUG org.jboss.resteasy.plugins.server.servlet.ConfigurationBootstrap  - Scanning archive: jndi:/localhost/RESTfulDemoApplication/WEB-INF/lib/resteasy-jaxrs-2.3.1.GA.jar
[http-bio-8080-exec-3] DEBUG org.jboss.resteasy.plugins.server.servlet.ConfigurationBootstrap  - Scanning archive: file:/C:/Lokesh/Setup/workspace/.metadata/.plugins/org.eclipse.wst.server.core/tmp0/wtpwebapps/RESTfulDemoApplication/WEB-INF/classes/
[http-bio-8080-exec-3] INFO  org.jboss.resteasy.plugins.server.servlet.ConfigurationBootstrap  - Adding scanned resource: com.howtodoinjava.service.UserService
[http-bio-8080-exec-3] DEBUG org.jboss.resteasy.core.SynchronousDispatcher  - PathInfo: /user-management/users/10
[http-bio-8080-exec-3] INFO  com.howtodoinjava.service.UserService  - GET API called for id : 10
